# do {sccomp_tb_compile.do}
# Model Technology ModelSim PE vmap 10.4c Lib Mapping Utility 2015.07 Jul 20 2015
# vmap xil_defaultlib msim/xil_defaultlib 
# Modifying modelsim.ini
# Model Technology ModelSim PE vmap 10.4c Lib Mapping Utility 2015.07 Jul 20 2015
# vmap dist_mem_gen_v8_0_10 msim/dist_mem_gen_v8_0_10 
# Modifying modelsim.ini
# ** Warning: (vlog-159) Mode option -64 is not supported in this context and will be ignored.
# 
# Model Technology ModelSim PE vlog 10.4c Compiler 2015.07 Jul 20 2015
# Start time: 14:40:23 on Jun 09,2021
# vlog -64 -incr -work xil_defaultlib ../../../CPU31.srcs/sources_1/new/regfile.v ../../../CPU31.srcs/sources_1/new/pc.v ../../../CPU31.srcs/sources_1/new/mux.v ../../../CPU31.srcs/sources_1/new/II.v ../../../CPU31.srcs/sources_1/new/ext.v ../../../CPU31.srcs/sources_1/new/control.v ../../../CPU31.srcs/sources_1/new/alu.v ../../../CPU31.srcs/sources_1/new/add.v 
# -- Compiling module regfile
# -- Compiling module PC
# -- Compiling module mux5
# -- Compiling module mux32
# -- Compiling module muxpc
# -- Compiling module II
# -- Compiling module ext5
# -- Compiling module ext16
# -- Compiling module ext18
# -- Compiling module control
# -- Compiling module ALU
# -- Compiling module NPC
# -- Compiling module add
# 
# Top level modules:
# 	regfile
# 	PC
# 	mux5
# 	mux32
# 	muxpc
# 	II
# 	ext5
# 	ext16
# 	ext18
# 	control
# 	ALU
# 	NPC
# 	add
# End time: 14:40:24 on Jun 09,2021, Elapsed time: 0:00:01
# Errors: 0, Warnings: 1
# ** Warning: (vlog-159) Mode option -64 is not supported in this context and will be ignored.
# 
# Model Technology ModelSim PE vlog 10.4c Compiler 2015.07 Jul 20 2015
# Start time: 14:40:24 on Jun 09,2021
# vlog -64 -incr -work dist_mem_gen_v8_0_10 ../../../CPU31.ip_user_files/ipstatic/dist_mem_gen_v8_0_10/simulation/dist_mem_gen_v8_0.v 
# -- Compiling module dist_mem_gen_v8_0_10
# 
# Top level modules:
# 	dist_mem_gen_v8_0_10
# End time: 14:40:24 on Jun 09,2021, Elapsed time: 0:00:00
# Errors: 0, Warnings: 1
# ** Warning: (vlog-159) Mode option -64 is not supported in this context and will be ignored.
# 
# Model Technology ModelSim PE vlog 10.4c Compiler 2015.07 Jul 20 2015
# Start time: 14:40:24 on Jun 09,2021
# vlog -64 -incr -work xil_defaultlib ../../../CPU31.srcs/sources_1/ip/imem/sim/imem.v ../../../CPU31.srcs/sources_1/new/dmem.v ../../../CPU31.srcs/sources_1/new/cpu.v ../../../CPU31.srcs/sources_1/new/sccomp_dataflow.v ../../../CPU31.srcs/sources_1/new/sccomp_tb.v 
# -- Compiling module imem
# -- Compiling module dmem
# -- Compiling module cpu
# -- Compiling module sccomp_dataflow
# -- Compiling module sccomp_tb
# 
# Top level modules:
# 	sccomp_tb
# End time: 14:40:24 on Jun 09,2021, Elapsed time: 0:00:00
# Errors: 0, Warnings: 1
# Model Technology ModelSim PE vlog 10.4c Compiler 2015.07 Jul 20 2015
# Start time: 14:40:24 on Jun 09,2021
# vlog -work xil_defaultlib glbl.v 
# -- Compiling module glbl
# 
# Top level modules:
# 	glbl
# End time: 14:40:24 on Jun 09,2021, Elapsed time: 0:00:00
# Errors: 0, Warnings: 0
