# do {sccomp_tb_simulate.do}
# vsim -voptargs=""+acc"" -L unisims_ver -L unimacro_ver -L secureip -L xil_defaultlib -L dist_mem_gen_v8_0_10 -lib xil_defaultlib xil_defaultlib.sccomp_tb xil_defaultlib.glbl 
# Start time: 14:40:50 on Jun 09,2021
# //  ModelSim PE 10.4c Jul 20 2015 
# //
# //  Copyright 1991-2015 Mentor Graphics Corporation
# //  All Rights Reserved.
# //
# //  THIS WORK CONTAINS TRADE SECRET AND PROPRIETARY INFORMATION
# //  WHICH IS THE PROPERTY OF MENTOR GRAPHICS CORPORATION OR ITS
# //  LICENSORS AND IS SUBJECT TO LICENSE TERMS.
# //  THIS DOCUMENT CONTAINS TRADE SECRETS AND COMMERCIAL OR FINANCIAL
# //  INFORMATION THAT ARE PRIVILEGED, CONFIDENTIAL, AND EXEMPT FROM
# //  DISCLOSURE UNDER THE FREEDOM OF INFORMATION ACT, 5 U.S.C. SECTION 552.
# //  FURTHERMORE, THIS INFORMATION IS PROHIBITED FROM DISCLOSURE UNDER
# //  THE TRADE SECRETS ACT, 18 U.S.C. SECTION 1905.
# //
# Loading xil_defaultlib.sccomp_tb
# Loading xil_defaultlib.sccomp_dataflow
# Loading xil_defaultlib.imem
# Loading dist_mem_gen_v8_0_10.dist_mem_gen_v8_0_10
# Loading xil_defaultlib.cpu
# Loading xil_defaultlib.PC
# Loading xil_defaultlib.NPC
# Loading xil_defaultlib.control
# Loading xil_defaultlib.ALU
# Loading xil_defaultlib.add
# Loading xil_defaultlib.II
# Loading xil_defaultlib.ext5
# Loading xil_defaultlib.ext16
# Loading xil_defaultlib.ext18
# Loading xil_defaultlib.mux5
# Loading xil_defaultlib.muxpc
# Loading xil_defaultlib.mux32
# Loading xil_defaultlib.regfile
# Loading xil_defaultlib.dmem
# Loading xil_defaultlib.glbl
# .main_pane.wave.interior.cs.body.pw.wf
# .main_pane.structure.interior.cs.body.struct
# .main_pane.objects.interior.cs.body.tree
# WARNING: This core is supplied with a behavioral model. To model cycle-accurate behavior you must run timing simulation.
# ** Warning: (vsim-PLI-3408) Too few data words read on line 1048 of file "imem.mif". Expected 2048, found 1047.    : ../../../CPU31.ip_user_files/ipstatic/dist_mem_gen_v8_0_10/simulation/dist_mem_gen_v8_0.v(234)
#    Time: 0 ps  Iteration: 0  Instance: /sccomp_tb/sccomp_dataflow_inst/imem_1/inst
# End time: 14:41:16 on Jun 09,2021, Elapsed time: 0:00:26
# Errors: 0, Warnings: 1
